<?xml version="1.0" encoding="UTF-8"?>
<!-- Generated by org.testng.reporters.JUnitXMLReporter -->
<testsuite ignored="6" hostname="redhatsystem" failures="0" tests="4" name="ChromeTest" time="251.18" errors="0" timestamp="2025-06-05T07:15:39 IST">
  <testcase classname="com.automationexcerise.testautomation.TestSignUpPage" name="testPage" time="200.16"/>
  <testcase classname="com.automationexcerise.testautomation.TestLoginPage" name="testPage" time="11.407"/>
  <testcase classname="com.automationexcerise.testautomation.TestAddtoCart" name="testPage" time="10.386"/>
  <testcase classname="com.automationexcerise.testautomation.TestPlaceOrder" name="testPage" time="29.189"/>
  <testcase classname="com.automationexcerise.testautomation.Setup" name="@BeforeSuite setupDriver" time="0.0">
    <ignored/>
  </testcase> <!-- @BeforeSuite setupDriver -->
  <testcase classname="com.automationexcerise.testautomation.Setup" name="@AfterSuite closeDriver" time="0.0">
    <ignored/>
  </testcase> <!-- @AfterSuite closeDriver -->
  <testcase classname="com.automationexcerise.testautomation.Setup" name="@AfterSuite closeDriver" time="0.0">
    <ignored/>
  </testcase> <!-- @AfterSuite closeDriver -->
  <testcase classname="com.automationexcerise.testautomation.Setup" name="@BeforeSuite setupDriver" time="0.0">
    <ignored/>
  </testcase> <!-- @BeforeSuite setupDriver -->
  <testcase classname="com.automationexcerise.testautomation.Setup" name="@BeforeSuite setupDriver" time="0.0">
    <ignored/>
  </testcase> <!-- @BeforeSuite setupDriver -->
  <testcase classname="com.automationexcerise.testautomation.Setup" name="@AfterSuite closeDriver" time="0.0">
    <ignored/>
  </testcase> <!-- @AfterSuite closeDriver -->
</testsuite> <!-- ChromeTest -->
