<?xml version="1.0" encoding="UTF-8"?>
<testng-results ignored="0" total="4" passed="4" failed="0" skipped="0">
  <reporter-output>
  </reporter-output>
  <suite started-at="2025-06-05T07:11:28 IST" name="softwaretesting" finished-at="2025-06-05T07:15:39 IST" duration-ms="251180">
    <groups>
    </groups>
    <test started-at="2025-06-05T07:11:28 IST" name="ChromeTest" finished-at="2025-06-05T07:15:39 IST" duration-ms="251180">
      <class name="com.automationexcerise.testautomation.TestSignUpPage">
        <test-method is-config="true" signature="setupDriver(java.lang.String,java.lang.String)[pri:0, instance:com.automationexcerise.testautomation.TestSignUpPage@74ea2410]" started-at="2025-06-05T07:11:24 IST" name="setupDriver" finished-at="2025-06-05T07:11:28 IST" duration-ms="4145" status="PASS">
          <params>
            <param index="0">
              <value>
                <![CDATA[chrome]]>
              </value>
            </param>
            <param index="1">
              <value>
                <![CDATA[https://automationexercise.com/]]>
              </value>
            </param>
          </params>
          <reporter-output>
          </reporter-output>
        </test-method> <!-- setupDriver -->
        <test-method signature="testPage(java.lang.String,java.lang.String,java.lang.String,java.lang.String,java.lang.String,java.lang.String,java.lang.String,java.lang.String,java.lang.String,java.lang.String,java.lang.String,java.lang.String,java.lang.String,java.lang.String,java.lang.String,java.lang.String)[pri:0, instance:com.automationexcerise.testautomation.TestSignUpPage@74ea2410]" started-at="2025-06-05T07:11:28 IST" name="testPage" finished-at="2025-06-05T07:14:48 IST" duration-ms="200160" status="PASS">
          <params>
            <param index="0">
              <value>
                <![CDATA[Suryaarrow]]>
              </value>
            </param>
            <param index="1">
              <value>
                <![CDATA[suryaarrow@gmail.com]]>
              </value>
            </param>
            <param index="2">
              <value>
                <![CDATA[mr]]>
              </value>
            </param>
            <param index="3">
              <value>
                <![CDATA[23]]>
              </value>
            </param>
            <param index="4">
              <value>
                <![CDATA[suryaarrow@123456]]>
              </value>
            </param>
            <param index="5">
              <value>
                <![CDATA[Surya]]>
              </value>
            </param>
            <param index="6">
              <value>
                <![CDATA[2003]]>
              </value>
            </param>
            <param index="7">
              <value>
                <![CDATA[June]]>
              </value>
            </param>
            <param index="8">
              <value>
                <![CDATA[Sparrow]]>
              </value>
            </param>
            <param index="9">
              <value>
                <![CDATA[Atos]]>
              </value>
            </param>
            <param index="10">
              <value>
                <![CDATA[Chandni Chowk]]>
              </value>
            </param>
            <param index="11">
              <value>
                <![CDATA[India]]>
              </value>
            </param>
            <param index="12">
              <value>
                <![CDATA[Maharashtra]]>
              </value>
            </param>
            <param index="13">
              <value>
                <![CDATA[Mumbai]]>
              </value>
            </param>
            <param index="14">
              <value>
                <![CDATA[410278]]>
              </value>
            </param>
            <param index="15">
              <value>
                <![CDATA[8712312342]]>
              </value>
            </param>
          </params>
          <reporter-output>
          </reporter-output>
        </test-method> <!-- testPage -->
        <test-method is-config="true" signature="closeDriver()[pri:0, instance:com.automationexcerise.testautomation.TestSignUpPage@74ea2410]" started-at="2025-06-05T07:15:39 IST" name="closeDriver" finished-at="2025-06-05T07:15:41 IST" duration-ms="2232" status="PASS">
          <reporter-output>
          </reporter-output>
        </test-method> <!-- closeDriver -->
      </class> <!-- com.automationexcerise.testautomation.TestSignUpPage -->
      <class name="com.automationexcerise.testautomation.TestAddtoCart">
        <test-method signature="testPage()[pri:2, instance:com.automationexcerise.testautomation.TestAddtoCart@543295b0]" started-at="2025-06-05T07:14:59 IST" name="testPage" finished-at="2025-06-05T07:15:10 IST" duration-ms="10386" status="PASS">
          <reporter-output>
          </reporter-output>
        </test-method> <!-- testPage -->
      </class> <!-- com.automationexcerise.testautomation.TestAddtoCart -->
      <class name="com.automationexcerise.testautomation.TestLoginPage">
        <test-method signature="testPage(java.lang.String,java.lang.String)[pri:1, instance:com.automationexcerise.testautomation.TestLoginPage@563f38c4]" started-at="2025-06-05T07:14:48 IST" name="testPage" finished-at="2025-06-05T07:14:59 IST" duration-ms="11407" status="PASS">
          <params>
            <param index="0">
              <value>
                <![CDATA[suryaarrow@gmail.com]]>
              </value>
            </param>
            <param index="1">
              <value>
                <![CDATA[suryaarrow@123456]]>
              </value>
            </param>
          </params>
          <reporter-output>
          </reporter-output>
        </test-method> <!-- testPage -->
      </class> <!-- com.automationexcerise.testautomation.TestLoginPage -->
      <class name="com.automationexcerise.testautomation.TestPlaceOrder">
        <test-method signature="testPage(java.lang.String,java.lang.String,java.lang.String,java.lang.String,java.lang.String)[pri:3, instance:com.automationexcerise.testautomation.TestPlaceOrder@54422e18]" started-at="2025-06-05T07:15:10 IST" name="testPage" finished-at="2025-06-05T07:15:39 IST" duration-ms="29189" status="PASS">
          <params>
            <param index="0">
              <value>
                <![CDATA[John Pax]]>
              </value>
            </param>
            <param index="1">
              <value>
                <![CDATA[CXAERD12A]]>
              </value>
            </param>
            <param index="2">
              <value>
                <![CDATA[231]]>
              </value>
            </param>
            <param index="3">
              <value>
                <![CDATA[09]]>
              </value>
            </param>
            <param index="4">
              <value>
                <![CDATA[2030]]>
              </value>
            </param>
          </params>
          <reporter-output>
          </reporter-output>
        </test-method> <!-- testPage -->
      </class> <!-- com.automationexcerise.testautomation.TestPlaceOrder -->
    </test> <!-- ChromeTest -->
  </suite> <!-- softwaretesting -->
</testng-results>
